mode: atomic
github.com/wso2/apk/common-controller/internal/operator/api/v1alpha1/backend_webhook.go:35.67,39.2 1 0
github.com/wso2/apk/common-controller/internal/operator/api/v1alpha1/backend_webhook.go:48.29,52.2 1 0
github.com/wso2/apk/common-controller/internal/operator/api/v1alpha1/backend_webhook.go:60.64,62.2 1 0
github.com/wso2/apk/common-controller/internal/operator/api/v1alpha1/backend_webhook.go:65.82,67.2 1 0
github.com/wso2/apk/common-controller/internal/operator/api/v1alpha1/backend_webhook.go:70.64,75.2 2 0
github.com/wso2/apk/common-controller/internal/operator/api/v1alpha1/backend_webhook.go:77.47,80.24 3 0
github.com/wso2/apk/common-controller/internal/operator/api/v1alpha1/backend_webhook.go:89.2,89.22 1 0
github.com/wso2/apk/common-controller/internal/operator/api/v1alpha1/backend_webhook.go:94.2,94.12 1 0
github.com/wso2/apk/common-controller/internal/operator/api/v1alpha1/backend_webhook.go:80.24,81.54 1 0
github.com/wso2/apk/common-controller/internal/operator/api/v1alpha1/backend_webhook.go:81.54,82.44 1 0
github.com/wso2/apk/common-controller/internal/operator/api/v1alpha1/backend_webhook.go:82.44,85.5 1 0
github.com/wso2/apk/common-controller/internal/operator/api/v1alpha1/backend_webhook.go:89.22,93.3 1 0
github.com/wso2/apk/common-controller/internal/operator/api/v1alpha1/backendjwt_webhook.go:34.70,38.2 1 0
github.com/wso2/apk/common-controller/internal/operator/api/v1alpha1/backendjwt_webhook.go:47.33,49.2 0 0
github.com/wso2/apk/common-controller/internal/operator/api/v1alpha1/backendjwt_webhook.go:57.67,60.2 1 0
github.com/wso2/apk/common-controller/internal/operator/api/v1alpha1/backendjwt_webhook.go:63.85,66.2 1 0
github.com/wso2/apk/common-controller/internal/operator/api/v1alpha1/backendjwt_webhook.go:68.48,71.31 3 0
github.com/wso2/apk/common-controller/internal/operator/api/v1alpha1/backendjwt_webhook.go:97.2,97.22 1 0
github.com/wso2/apk/common-controller/internal/operator/api/v1alpha1/backendjwt_webhook.go:102.2,102.12 1 0
github.com/wso2/apk/common-controller/internal/operator/api/v1alpha1/backendjwt_webhook.go:71.31,73.18 2 0
github.com/wso2/apk/common-controller/internal/operator/api/v1alpha1/backendjwt_webhook.go:74.14,75.55 1 0
github.com/wso2/apk/common-controller/internal/operator/api/v1alpha1/backendjwt_webhook.go:78.16,79.65 1 0
github.com/wso2/apk/common-controller/internal/operator/api/v1alpha1/backendjwt_webhook.go:82.15,83.60 1 0
github.com/wso2/apk/common-controller/internal/operator/api/v1alpha1/backendjwt_webhook.go:86.15,87.67 1 0
github.com/wso2/apk/common-controller/internal/operator/api/v1alpha1/backendjwt_webhook.go:90.15,91.67 1 0
github.com/wso2/apk/common-controller/internal/operator/api/v1alpha1/backendjwt_webhook.go:75.55,77.5 1 0
github.com/wso2/apk/common-controller/internal/operator/api/v1alpha1/backendjwt_webhook.go:79.65,81.5 1 0
github.com/wso2/apk/common-controller/internal/operator/api/v1alpha1/backendjwt_webhook.go:83.60,85.5 1 0
github.com/wso2/apk/common-controller/internal/operator/api/v1alpha1/backendjwt_webhook.go:87.67,89.5 1 0
github.com/wso2/apk/common-controller/internal/operator/api/v1alpha1/backendjwt_webhook.go:91.67,93.5 1 0
github.com/wso2/apk/common-controller/internal/operator/api/v1alpha1/backendjwt_webhook.go:97.22,101.3 1 0
github.com/wso2/apk/common-controller/internal/operator/api/v1alpha1/backendjwt_webhook.go:106.67,109.2 1 0
github.com/wso2/apk/common-controller/internal/operator/api/v1alpha1/api_webhook.go:45.63,50.2 2 0
github.com/wso2/apk/common-controller/internal/operator/api/v1alpha1/api_webhook.go:59.26,61.2 0 0
github.com/wso2/apk/common-controller/internal/operator/api/v1alpha1/api_webhook.go:69.60,71.2 1 0
github.com/wso2/apk/common-controller/internal/operator/api/v1alpha1/api_webhook.go:74.78,76.2 1 0
github.com/wso2/apk/common-controller/internal/operator/api/v1alpha1/api_webhook.go:79.60,83.2 1 0
github.com/wso2/apk/common-controller/internal/operator/api/v1alpha1/api_webhook.go:86.35,90.25 4 0
github.com/wso2/apk/common-controller/internal/operator/api/v1alpha1/api_webhook.go:97.2,97.26 1 0
github.com/wso2/apk/common-controller/internal/operator/api/v1alpha1/api_webhook.go:106.2,106.31 1 0
github.com/wso2/apk/common-controller/internal/operator/api/v1alpha1/api_webhook.go:110.2,110.243 1 0
github.com/wso2/apk/common-controller/internal/operator/api/v1alpha1/api_webhook.go:115.2,116.32 2 0
github.com/wso2/apk/common-controller/internal/operator/api/v1alpha1/api_webhook.go:119.2,119.29 1 0
github.com/wso2/apk/common-controller/internal/operator/api/v1alpha1/api_webhook.go:123.2,123.43 1 0
github.com/wso2/apk/common-controller/internal/operator/api/v1alpha1/api_webhook.go:128.2,128.43 1 0
github.com/wso2/apk/common-controller/internal/operator/api/v1alpha1/api_webhook.go:133.2,133.22 1 0
github.com/wso2/apk/common-controller/internal/operator/api/v1alpha1/api_webhook.go:138.2,138.12 1 0
github.com/wso2/apk/common-controller/internal/operator/api/v1alpha1/api_webhook.go:90.25,91.48 1 0
github.com/wso2/apk/common-controller/internal/operator/api/v1alpha1/api_webhook.go:91.48,94.4 2 0
github.com/wso2/apk/common-controller/internal/operator/api/v1alpha1/api_webhook.go:97.26,99.3 1 0
github.com/wso2/apk/common-controller/internal/operator/api/v1alpha1/api_webhook.go:99.8,99.96 1 0
github.com/wso2/apk/common-controller/internal/operator/api/v1alpha1/api_webhook.go:99.96,101.3 1 0
github.com/wso2/apk/common-controller/internal/operator/api/v1alpha1/api_webhook.go:101.8,101.77 1 0
github.com/wso2/apk/common-controller/internal/operator/api/v1alpha1/api_webhook.go:101.77,103.3 1 0
github.com/wso2/apk/common-controller/internal/operator/api/v1alpha1/api_webhook.go:106.31,108.3 1 0
github.com/wso2/apk/common-controller/internal/operator/api/v1alpha1/api_webhook.go:110.243,113.3 1 0
github.com/wso2/apk/common-controller/internal/operator/api/v1alpha1/api_webhook.go:116.32,118.3 1 0
github.com/wso2/apk/common-controller/internal/operator/api/v1alpha1/api_webhook.go:119.29,121.3 1 0
github.com/wso2/apk/common-controller/internal/operator/api/v1alpha1/api_webhook.go:123.43,126.3 1 0
github.com/wso2/apk/common-controller/internal/operator/api/v1alpha1/api_webhook.go:128.43,131.3 1 0
github.com/wso2/apk/common-controller/internal/operator/api/v1alpha1/api_webhook.go:133.22,137.3 1 0
github.com/wso2/apk/common-controller/internal/operator/api/v1alpha1/api_webhook.go:141.51,142.30 1 0
github.com/wso2/apk/common-controller/internal/operator/api/v1alpha1/api_webhook.go:147.2,147.14 1 0
github.com/wso2/apk/common-controller/internal/operator/api/v1alpha1/api_webhook.go:142.30,143.16 1 0
github.com/wso2/apk/common-controller/internal/operator/api/v1alpha1/api_webhook.go:143.16,145.4 1 0
github.com/wso2/apk/common-controller/internal/operator/api/v1alpha1/api_webhook.go:150.72,153.16 2 0
github.com/wso2/apk/common-controller/internal/operator/api/v1alpha1/api_webhook.go:158.2,161.30 3 0
github.com/wso2/apk/common-controller/internal/operator/api/v1alpha1/api_webhook.go:197.2,197.12 1 0
github.com/wso2/apk/common-controller/internal/operator/api/v1alpha1/api_webhook.go:153.16,157.3 1 0
github.com/wso2/apk/common-controller/internal/operator/api/v1alpha1/api_webhook.go:161.30,163.68 1 0
github.com/wso2/apk/common-controller/internal/operator/api/v1alpha1/api_webhook.go:163.68,167.54 2 0
github.com/wso2/apk/common-controller/internal/operator/api/v1alpha1/api_webhook.go:174.4,174.31 1 0
github.com/wso2/apk/common-controller/internal/operator/api/v1alpha1/api_webhook.go:167.54,173.5 1 0
github.com/wso2/apk/common-controller/internal/operator/api/v1alpha1/api_webhook.go:174.31,177.34 3 0
github.com/wso2/apk/common-controller/internal/operator/api/v1alpha1/api_webhook.go:187.5,187.71 1 0
github.com/wso2/apk/common-controller/internal/operator/api/v1alpha1/api_webhook.go:177.34,178.75 1 0
github.com/wso2/apk/common-controller/internal/operator/api/v1alpha1/api_webhook.go:178.75,184.7 1 0
github.com/wso2/apk/common-controller/internal/operator/api/v1alpha1/api_webhook.go:187.71,193.6 1 0
github.com/wso2/apk/common-controller/internal/operator/api/v1alpha1/api_webhook.go:200.39,205.23 5 0
github.com/wso2/apk/common-controller/internal/operator/api/v1alpha1/api_webhook.go:223.2,223.18 1 0
github.com/wso2/apk/common-controller/internal/operator/api/v1alpha1/api_webhook.go:205.23,207.69 2 0
github.com/wso2/apk/common-controller/internal/operator/api/v1alpha1/api_webhook.go:211.3,212.34 2 0
github.com/wso2/apk/common-controller/internal/operator/api/v1alpha1/api_webhook.go:207.69,210.4 2 0
github.com/wso2/apk/common-controller/internal/operator/api/v1alpha1/api_webhook.go:213.8,214.40 1 0
github.com/wso2/apk/common-controller/internal/operator/api/v1alpha1/api_webhook.go:214.40,216.90 2 0
github.com/wso2/apk/common-controller/internal/operator/api/v1alpha1/api_webhook.go:220.4,220.41 1 0
github.com/wso2/apk/common-controller/internal/operator/api/v1alpha1/api_webhook.go:216.90,219.5 2 0
github.com/wso2/apk/common-controller/internal/operator/api/v1alpha1/api_webhook.go:226.73,227.49 1 1
github.com/wso2/apk/common-controller/internal/operator/api/v1alpha1/api_webhook.go:230.2,230.11 1 0
github.com/wso2/apk/common-controller/internal/operator/api/v1alpha1/api_webhook.go:227.49,229.3 1 1
github.com/wso2/apk/common-controller/internal/operator/api/v1alpha1/api_webhook.go:234.54,236.21 2 0
github.com/wso2/apk/common-controller/internal/operator/api/v1alpha1/api_webhook.go:239.2,239.16 1 0
github.com/wso2/apk/common-controller/internal/operator/api/v1alpha1/api_webhook.go:236.21,238.3 1 0
github.com/wso2/apk/common-controller/internal/operator/api/v1alpha1/apipolicy_types.go:138.13,140.2 1 1
github.com/wso2/apk/common-controller/internal/operator/api/v1alpha1/backend_types.go:280.13,282.2 1 1
github.com/wso2/apk/common-controller/internal/operator/api/v1alpha1/custom_ratelimit_policy.go:32.94,40.2 1 0
github.com/wso2/apk/common-controller/internal/operator/api/v1alpha1/backendjwt_types.go:109.13,111.2 1 1
github.com/wso2/apk/common-controller/internal/operator/api/v1alpha1/interceptorservice_webhook.go:28.78,32.2 1 0
github.com/wso2/apk/common-controller/internal/operator/api/v1alpha1/interceptorservice_webhook.go:41.41,41.42 0 0
github.com/wso2/apk/common-controller/internal/operator/api/v1alpha1/interceptorservice_webhook.go:49.75,52.2 1 0
github.com/wso2/apk/common-controller/internal/operator/api/v1alpha1/interceptorservice_webhook.go:55.93,58.2 1 0
github.com/wso2/apk/common-controller/internal/operator/api/v1alpha1/interceptorservice_webhook.go:61.75,64.2 1 0
github.com/wso2/apk/common-controller/internal/operator/api/v1alpha1/interceptorservice_types.go:91.13,93.2 1 1
github.com/wso2/apk/common-controller/internal/operator/api/v1alpha1/ratelimitpolicy_types.go:114.13,116.2 1 1
github.com/wso2/apk/common-controller/internal/operator/api/v1alpha1/ratelimitpolicy_webhook.go:33.75,37.2 1 0
github.com/wso2/apk/common-controller/internal/operator/api/v1alpha1/ratelimitpolicy_webhook.go:46.38,48.2 0 0
github.com/wso2/apk/common-controller/internal/operator/api/v1alpha1/ratelimitpolicy_webhook.go:56.72,60.2 1 0
github.com/wso2/apk/common-controller/internal/operator/api/v1alpha1/ratelimitpolicy_webhook.go:63.90,67.2 1 0
github.com/wso2/apk/common-controller/internal/operator/api/v1alpha1/ratelimitpolicy_webhook.go:70.72,74.2 1 0
github.com/wso2/apk/common-controller/internal/operator/api/v1alpha1/ratelimitpolicy_webhook.go:77.52,79.33 2 0
github.com/wso2/apk/common-controller/internal/operator/api/v1alpha1/ratelimitpolicy_webhook.go:83.2,84.51 1 0
github.com/wso2/apk/common-controller/internal/operator/api/v1alpha1/ratelimitpolicy_webhook.go:88.2,88.107 1 0
github.com/wso2/apk/common-controller/internal/operator/api/v1alpha1/ratelimitpolicy_webhook.go:93.2,93.22 1 0
github.com/wso2/apk/common-controller/internal/operator/api/v1alpha1/ratelimitpolicy_webhook.go:98.2,98.12 1 0
github.com/wso2/apk/common-controller/internal/operator/api/v1alpha1/ratelimitpolicy_webhook.go:79.33,82.3 1 0
github.com/wso2/apk/common-controller/internal/operator/api/v1alpha1/ratelimitpolicy_webhook.go:84.51,87.3 1 0
github.com/wso2/apk/common-controller/internal/operator/api/v1alpha1/ratelimitpolicy_webhook.go:88.107,91.3 1 0
github.com/wso2/apk/common-controller/internal/operator/api/v1alpha1/ratelimitpolicy_webhook.go:93.22,97.3 1 0
github.com/wso2/apk/common-controller/internal/operator/api/v1alpha1/zz_generated.deepcopy.go:30.39,36.2 5 0
github.com/wso2/apk/common-controller/internal/operator/api/v1alpha1/zz_generated.deepcopy.go:39.32,40.15 1 0
github.com/wso2/apk/common-controller/internal/operator/api/v1alpha1/zz_generated.deepcopy.go:43.2,45.12 3 0
github.com/wso2/apk/common-controller/internal/operator/api/v1alpha1/zz_generated.deepcopy.go:40.15,42.3 1 0
github.com/wso2/apk/common-controller/internal/operator/api/v1alpha1/zz_generated.deepcopy.go:49.48,50.34 1 0
github.com/wso2/apk/common-controller/internal/operator/api/v1alpha1/zz_generated.deepcopy.go:53.2,53.12 1 0
github.com/wso2/apk/common-controller/internal/operator/api/v1alpha1/zz_generated.deepcopy.go:50.34,52.3 1 0
github.com/wso2/apk/common-controller/internal/operator/api/v1alpha1/zz_generated.deepcopy.go:57.47,61.21 4 0
github.com/wso2/apk/common-controller/internal/operator/api/v1alpha1/zz_generated.deepcopy.go:61.21,64.22 3 0
github.com/wso2/apk/common-controller/internal/operator/api/v1alpha1/zz_generated.deepcopy.go:64.22,66.4 1 0
github.com/wso2/apk/common-controller/internal/operator/api/v1alpha1/zz_generated.deepcopy.go:71.40,72.15 1 0
github.com/wso2/apk/common-controller/internal/operator/api/v1alpha1/zz_generated.deepcopy.go:75.2,77.12 3 0
github.com/wso2/apk/common-controller/internal/operator/api/v1alpha1/zz_generated.deepcopy.go:72.15,74.3 1 0
github.com/wso2/apk/common-controller/internal/operator/api/v1alpha1/zz_generated.deepcopy.go:81.52,82.34 1 0
github.com/wso2/apk/common-controller/internal/operator/api/v1alpha1/zz_generated.deepcopy.go:85.2,85.12 1 0
github.com/wso2/apk/common-controller/internal/operator/api/v1alpha1/zz_generated.deepcopy.go:82.34,84.3 1 0
github.com/wso2/apk/common-controller/internal/operator/api/v1alpha1/zz_generated.deepcopy.go:89.51,95.2 5 0
github.com/wso2/apk/common-controller/internal/operator/api/v1alpha1/zz_generated.deepcopy.go:98.44,99.15 1 0
github.com/wso2/apk/common-controller/internal/operator/api/v1alpha1/zz_generated.deepcopy.go:102.2,104.12 3 0
github.com/wso2/apk/common-controller/internal/operator/api/v1alpha1/zz_generated.deepcopy.go:99.15,101.3 1 0
github.com/wso2/apk/common-controller/internal/operator/api/v1alpha1/zz_generated.deepcopy.go:108.54,109.34 1 0
github.com/wso2/apk/common-controller/internal/operator/api/v1alpha1/zz_generated.deepcopy.go:112.2,112.12 1 0
github.com/wso2/apk/common-controller/internal/operator/api/v1alpha1/zz_generated.deepcopy.go:109.34,111.3 1 0
github.com/wso2/apk/common-controller/internal/operator/api/v1alpha1/zz_generated.deepcopy.go:116.59,120.21 4 0
github.com/wso2/apk/common-controller/internal/operator/api/v1alpha1/zz_generated.deepcopy.go:120.21,123.22 3 0
github.com/wso2/apk/common-controller/internal/operator/api/v1alpha1/zz_generated.deepcopy.go:123.22,125.4 1 0
github.com/wso2/apk/common-controller/internal/operator/api/v1alpha1/zz_generated.deepcopy.go:130.52,131.15 1 0
github.com/wso2/apk/common-controller/internal/operator/api/v1alpha1/zz_generated.deepcopy.go:134.2,136.12 3 0
github.com/wso2/apk/common-controller/internal/operator/api/v1alpha1/zz_generated.deepcopy.go:131.15,133.3 1 0
github.com/wso2/apk/common-controller/internal/operator/api/v1alpha1/zz_generated.deepcopy.go:140.58,141.34 1 0
github.com/wso2/apk/common-controller/internal/operator/api/v1alpha1/zz_generated.deepcopy.go:144.2,144.12 1 0
github.com/wso2/apk/common-controller/internal/operator/api/v1alpha1/zz_generated.deepcopy.go:141.34,143.3 1 0
github.com/wso2/apk/common-controller/internal/operator/api/v1alpha1/zz_generated.deepcopy.go:148.59,150.23 2 0
github.com/wso2/apk/common-controller/internal/operator/api/v1alpha1/zz_generated.deepcopy.go:155.2,155.24 1 0
github.com/wso2/apk/common-controller/internal/operator/api/v1alpha1/zz_generated.deepcopy.go:160.2,160.43 1 0
github.com/wso2/apk/common-controller/internal/operator/api/v1alpha1/zz_generated.deepcopy.go:150.23,154.3 3 0
github.com/wso2/apk/common-controller/internal/operator/api/v1alpha1/zz_generated.deepcopy.go:155.24,159.3 3 0
github.com/wso2/apk/common-controller/internal/operator/api/v1alpha1/zz_generated.deepcopy.go:164.52,165.15 1 0
github.com/wso2/apk/common-controller/internal/operator/api/v1alpha1/zz_generated.deepcopy.go:168.2,170.12 3 0
github.com/wso2/apk/common-controller/internal/operator/api/v1alpha1/zz_generated.deepcopy.go:165.15,167.3 1 0
github.com/wso2/apk/common-controller/internal/operator/api/v1alpha1/zz_generated.deepcopy.go:174.63,176.2 1 0
github.com/wso2/apk/common-controller/internal/operator/api/v1alpha1/zz_generated.deepcopy.go:179.56,180.15 1 0
github.com/wso2/apk/common-controller/internal/operator/api/v1alpha1/zz_generated.deepcopy.go:183.2,185.12 3 0
github.com/wso2/apk/common-controller/internal/operator/api/v1alpha1/zz_generated.deepcopy.go:180.15,182.3 1 0
github.com/wso2/apk/common-controller/internal/operator/api/v1alpha1/zz_generated.deepcopy.go:189.69,191.2 1 0
github.com/wso2/apk/common-controller/internal/operator/api/v1alpha1/zz_generated.deepcopy.go:194.62,195.15 1 0
github.com/wso2/apk/common-controller/internal/operator/api/v1alpha1/zz_generated.deepcopy.go:198.2,200.12 3 0
github.com/wso2/apk/common-controller/internal/operator/api/v1alpha1/zz_generated.deepcopy.go:195.15,197.3 1 0
github.com/wso2/apk/common-controller/internal/operator/api/v1alpha1/zz_generated.deepcopy.go:204.47,206.26 2 0
github.com/wso2/apk/common-controller/internal/operator/api/v1alpha1/zz_generated.deepcopy.go:213.2,213.23 1 0
github.com/wso2/apk/common-controller/internal/operator/api/v1alpha1/zz_generated.deepcopy.go:220.2,220.29 1 0
github.com/wso2/apk/common-controller/internal/operator/api/v1alpha1/zz_generated.deepcopy.go:206.26,209.22 3 0
github.com/wso2/apk/common-controller/internal/operator/api/v1alpha1/zz_generated.deepcopy.go:209.22,211.4 1 0
github.com/wso2/apk/common-controller/internal/operator/api/v1alpha1/zz_generated.deepcopy.go:213.23,216.22 3 0
github.com/wso2/apk/common-controller/internal/operator/api/v1alpha1/zz_generated.deepcopy.go:216.22,218.4 1 0
github.com/wso2/apk/common-controller/internal/operator/api/v1alpha1/zz_generated.deepcopy.go:220.29,224.3 3 0
github.com/wso2/apk/common-controller/internal/operator/api/v1alpha1/zz_generated.deepcopy.go:228.40,229.15 1 0
github.com/wso2/apk/common-controller/internal/operator/api/v1alpha1/zz_generated.deepcopy.go:232.2,234.12 3 0
github.com/wso2/apk/common-controller/internal/operator/api/v1alpha1/zz_generated.deepcopy.go:229.15,231.3 1 0
github.com/wso2/apk/common-controller/internal/operator/api/v1alpha1/zz_generated.deepcopy.go:238.51,241.2 2 0
github.com/wso2/apk/common-controller/internal/operator/api/v1alpha1/zz_generated.deepcopy.go:244.44,245.15 1 0
github.com/wso2/apk/common-controller/internal/operator/api/v1alpha1/zz_generated.deepcopy.go:248.2,250.12 3 0
github.com/wso2/apk/common-controller/internal/operator/api/v1alpha1/zz_generated.deepcopy.go:245.15,247.3 1 0
github.com/wso2/apk/common-controller/internal/operator/api/v1alpha1/zz_generated.deepcopy.go:254.47,260.2 5 0
github.com/wso2/apk/common-controller/internal/operator/api/v1alpha1/zz_generated.deepcopy.go:263.40,264.15 1 0
github.com/wso2/apk/common-controller/internal/operator/api/v1alpha1/zz_generated.deepcopy.go:267.2,269.12 3 0
github.com/wso2/apk/common-controller/internal/operator/api/v1alpha1/zz_generated.deepcopy.go:264.15,266.3 1 0
github.com/wso2/apk/common-controller/internal/operator/api/v1alpha1/zz_generated.deepcopy.go:273.52,274.34 1 0
github.com/wso2/apk/common-controller/internal/operator/api/v1alpha1/zz_generated.deepcopy.go:277.2,277.12 1 0
github.com/wso2/apk/common-controller/internal/operator/api/v1alpha1/zz_generated.deepcopy.go:274.34,276.3 1 0
github.com/wso2/apk/common-controller/internal/operator/api/v1alpha1/zz_generated.deepcopy.go:281.53,287.2 5 0
github.com/wso2/apk/common-controller/internal/operator/api/v1alpha1/zz_generated.deepcopy.go:290.46,291.15 1 0
github.com/wso2/apk/common-controller/internal/operator/api/v1alpha1/zz_generated.deepcopy.go:294.2,296.12 3 0
github.com/wso2/apk/common-controller/internal/operator/api/v1alpha1/zz_generated.deepcopy.go:291.15,293.3 1 0
github.com/wso2/apk/common-controller/internal/operator/api/v1alpha1/zz_generated.deepcopy.go:300.55,301.34 1 0
github.com/wso2/apk/common-controller/internal/operator/api/v1alpha1/zz_generated.deepcopy.go:304.2,304.12 1 0
github.com/wso2/apk/common-controller/internal/operator/api/v1alpha1/zz_generated.deepcopy.go:301.34,303.3 1 0
github.com/wso2/apk/common-controller/internal/operator/api/v1alpha1/zz_generated.deepcopy.go:308.61,312.21 4 0
github.com/wso2/apk/common-controller/internal/operator/api/v1alpha1/zz_generated.deepcopy.go:312.21,315.22 3 0
github.com/wso2/apk/common-controller/internal/operator/api/v1alpha1/zz_generated.deepcopy.go:315.22,317.4 1 0
github.com/wso2/apk/common-controller/internal/operator/api/v1alpha1/zz_generated.deepcopy.go:322.54,323.15 1 0
github.com/wso2/apk/common-controller/internal/operator/api/v1alpha1/zz_generated.deepcopy.go:326.2,328.12 3 0
github.com/wso2/apk/common-controller/internal/operator/api/v1alpha1/zz_generated.deepcopy.go:323.15,325.3 1 0
github.com/wso2/apk/common-controller/internal/operator/api/v1alpha1/zz_generated.deepcopy.go:332.59,333.34 1 0
github.com/wso2/apk/common-controller/internal/operator/api/v1alpha1/zz_generated.deepcopy.go:336.2,336.12 1 0
github.com/wso2/apk/common-controller/internal/operator/api/v1alpha1/zz_generated.deepcopy.go:333.34,335.3 1 0
github.com/wso2/apk/common-controller/internal/operator/api/v1alpha1/zz_generated.deepcopy.go:340.61,342.28 2 0
github.com/wso2/apk/common-controller/internal/operator/api/v1alpha1/zz_generated.deepcopy.go:342.28,346.3 3 0
github.com/wso2/apk/common-controller/internal/operator/api/v1alpha1/zz_generated.deepcopy.go:350.54,351.15 1 0
github.com/wso2/apk/common-controller/internal/operator/api/v1alpha1/zz_generated.deepcopy.go:354.2,356.12 3 0
github.com/wso2/apk/common-controller/internal/operator/api/v1alpha1/zz_generated.deepcopy.go:351.15,353.3 1 0
github.com/wso2/apk/common-controller/internal/operator/api/v1alpha1/zz_generated.deepcopy.go:360.65,362.2 1 0
github.com/wso2/apk/common-controller/internal/operator/api/v1alpha1/zz_generated.deepcopy.go:365.58,366.15 1 0
github.com/wso2/apk/common-controller/internal/operator/api/v1alpha1/zz_generated.deepcopy.go:369.2,371.12 3 0
github.com/wso2/apk/common-controller/internal/operator/api/v1alpha1/zz_generated.deepcopy.go:366.15,368.3 1 0
github.com/wso2/apk/common-controller/internal/operator/api/v1alpha1/zz_generated.deepcopy.go:375.63,377.2 1 0
github.com/wso2/apk/common-controller/internal/operator/api/v1alpha1/zz_generated.deepcopy.go:380.56,381.15 1 0
github.com/wso2/apk/common-controller/internal/operator/api/v1alpha1/zz_generated.deepcopy.go:384.2,386.12 3 0
github.com/wso2/apk/common-controller/internal/operator/api/v1alpha1/zz_generated.deepcopy.go:381.15,383.3 1 0
github.com/wso2/apk/common-controller/internal/operator/api/v1alpha1/zz_generated.deepcopy.go:390.55,394.21 4 0
github.com/wso2/apk/common-controller/internal/operator/api/v1alpha1/zz_generated.deepcopy.go:394.21,397.22 3 0
github.com/wso2/apk/common-controller/internal/operator/api/v1alpha1/zz_generated.deepcopy.go:397.22,399.4 1 0
github.com/wso2/apk/common-controller/internal/operator/api/v1alpha1/zz_generated.deepcopy.go:404.48,405.15 1 0
github.com/wso2/apk/common-controller/internal/operator/api/v1alpha1/zz_generated.deepcopy.go:408.2,410.12 3 0
github.com/wso2/apk/common-controller/internal/operator/api/v1alpha1/zz_generated.deepcopy.go:405.15,407.3 1 0
github.com/wso2/apk/common-controller/internal/operator/api/v1alpha1/zz_generated.deepcopy.go:414.56,415.34 1 0
github.com/wso2/apk/common-controller/internal/operator/api/v1alpha1/zz_generated.deepcopy.go:418.2,418.12 1 0
github.com/wso2/apk/common-controller/internal/operator/api/v1alpha1/zz_generated.deepcopy.go:415.34,417.3 1 0
github.com/wso2/apk/common-controller/internal/operator/api/v1alpha1/zz_generated.deepcopy.go:422.65,424.2 1 0
github.com/wso2/apk/common-controller/internal/operator/api/v1alpha1/zz_generated.deepcopy.go:427.58,428.15 1 0
github.com/wso2/apk/common-controller/internal/operator/api/v1alpha1/zz_generated.deepcopy.go:431.2,433.12 3 0
github.com/wso2/apk/common-controller/internal/operator/api/v1alpha1/zz_generated.deepcopy.go:428.15,430.3 1 0
github.com/wso2/apk/common-controller/internal/operator/api/v1alpha1/zz_generated.deepcopy.go:437.55,439.24 2 0
github.com/wso2/apk/common-controller/internal/operator/api/v1alpha1/zz_generated.deepcopy.go:444.2,444.19 1 0
github.com/wso2/apk/common-controller/internal/operator/api/v1alpha1/zz_generated.deepcopy.go:449.2,449.24 1 0
github.com/wso2/apk/common-controller/internal/operator/api/v1alpha1/zz_generated.deepcopy.go:454.2,454.30 1 0
github.com/wso2/apk/common-controller/internal/operator/api/v1alpha1/zz_generated.deepcopy.go:459.2,459.23 1 0
github.com/wso2/apk/common-controller/internal/operator/api/v1alpha1/zz_generated.deepcopy.go:464.2,464.21 1 0
github.com/wso2/apk/common-controller/internal/operator/api/v1alpha1/zz_generated.deepcopy.go:469.2,469.27 1 0
github.com/wso2/apk/common-controller/internal/operator/api/v1alpha1/zz_generated.deepcopy.go:439.24,443.3 3 0
github.com/wso2/apk/common-controller/internal/operator/api/v1alpha1/zz_generated.deepcopy.go:444.19,448.3 3 0
github.com/wso2/apk/common-controller/internal/operator/api/v1alpha1/zz_generated.deepcopy.go:449.24,453.3 3 0
github.com/wso2/apk/common-controller/internal/operator/api/v1alpha1/zz_generated.deepcopy.go:454.30,458.3 3 0
github.com/wso2/apk/common-controller/internal/operator/api/v1alpha1/zz_generated.deepcopy.go:459.23,463.3 3 0
github.com/wso2/apk/common-controller/internal/operator/api/v1alpha1/zz_generated.deepcopy.go:464.21,468.3 3 0
github.com/wso2/apk/common-controller/internal/operator/api/v1alpha1/zz_generated.deepcopy.go:469.27,473.3 3 0
github.com/wso2/apk/common-controller/internal/operator/api/v1alpha1/zz_generated.deepcopy.go:477.48,478.15 1 0
github.com/wso2/apk/common-controller/internal/operator/api/v1alpha1/zz_generated.deepcopy.go:481.2,483.12 3 0
github.com/wso2/apk/common-controller/internal/operator/api/v1alpha1/zz_generated.deepcopy.go:478.15,480.3 1 0
github.com/wso2/apk/common-controller/internal/operator/api/v1alpha1/zz_generated.deepcopy.go:487.59,489.2 1 0
github.com/wso2/apk/common-controller/internal/operator/api/v1alpha1/zz_generated.deepcopy.go:492.52,493.15 1 0
github.com/wso2/apk/common-controller/internal/operator/api/v1alpha1/zz_generated.deepcopy.go:496.2,498.12 3 0
github.com/wso2/apk/common-controller/internal/operator/api/v1alpha1/zz_generated.deepcopy.go:493.15,495.3 1 0
github.com/wso2/apk/common-controller/internal/operator/api/v1alpha1/zz_generated.deepcopy.go:502.71,505.2 2 0
github.com/wso2/apk/common-controller/internal/operator/api/v1alpha1/zz_generated.deepcopy.go:508.64,509.15 1 0
github.com/wso2/apk/common-controller/internal/operator/api/v1alpha1/zz_generated.deepcopy.go:512.2,514.12 3 0
github.com/wso2/apk/common-controller/internal/operator/api/v1alpha1/zz_generated.deepcopy.go:509.15,511.3 1 0
github.com/wso2/apk/common-controller/internal/operator/api/v1alpha1/zz_generated.deepcopy.go:518.53,520.41 2 0
github.com/wso2/apk/common-controller/internal/operator/api/v1alpha1/zz_generated.deepcopy.go:525.2,525.41 1 0
github.com/wso2/apk/common-controller/internal/operator/api/v1alpha1/zz_generated.deepcopy.go:530.2,530.41 1 0
github.com/wso2/apk/common-controller/internal/operator/api/v1alpha1/zz_generated.deepcopy.go:535.2,535.42 1 0
github.com/wso2/apk/common-controller/internal/operator/api/v1alpha1/zz_generated.deepcopy.go:540.2,540.35 1 0
github.com/wso2/apk/common-controller/internal/operator/api/v1alpha1/zz_generated.deepcopy.go:520.41,524.3 3 0
github.com/wso2/apk/common-controller/internal/operator/api/v1alpha1/zz_generated.deepcopy.go:525.41,529.3 3 0
github.com/wso2/apk/common-controller/internal/operator/api/v1alpha1/zz_generated.deepcopy.go:530.41,534.3 3 0
github.com/wso2/apk/common-controller/internal/operator/api/v1alpha1/zz_generated.deepcopy.go:535.42,539.3 3 0
github.com/wso2/apk/common-controller/internal/operator/api/v1alpha1/zz_generated.deepcopy.go:540.35,544.3 3 0
github.com/wso2/apk/common-controller/internal/operator/api/v1alpha1/zz_generated.deepcopy.go:548.46,549.15 1 0
github.com/wso2/apk/common-controller/internal/operator/api/v1alpha1/zz_generated.deepcopy.go:552.2,554.12 3 0
github.com/wso2/apk/common-controller/internal/operator/api/v1alpha1/zz_generated.deepcopy.go:549.15,551.3 1 0
github.com/wso2/apk/common-controller/internal/operator/api/v1alpha1/zz_generated.deepcopy.go:558.61,560.2 1 0
github.com/wso2/apk/common-controller/internal/operator/api/v1alpha1/zz_generated.deepcopy.go:563.54,564.15 1 0
github.com/wso2/apk/common-controller/internal/operator/api/v1alpha1/zz_generated.deepcopy.go:567.2,569.12 3 0
github.com/wso2/apk/common-controller/internal/operator/api/v1alpha1/zz_generated.deepcopy.go:564.15,566.3 1 0
github.com/wso2/apk/common-controller/internal/operator/api/v1alpha1/zz_generated.deepcopy.go:573.55,575.2 1 0
github.com/wso2/apk/common-controller/internal/operator/api/v1alpha1/zz_generated.deepcopy.go:578.48,579.15 1 0
github.com/wso2/apk/common-controller/internal/operator/api/v1alpha1/zz_generated.deepcopy.go:582.2,584.12 3 0
github.com/wso2/apk/common-controller/internal/operator/api/v1alpha1/zz_generated.deepcopy.go:579.15,581.3 1 0
github.com/wso2/apk/common-controller/internal/operator/api/v1alpha1/zz_generated.deepcopy.go:588.75,590.2 1 0
github.com/wso2/apk/common-controller/internal/operator/api/v1alpha1/zz_generated.deepcopy.go:593.68,594.15 1 0
github.com/wso2/apk/common-controller/internal/operator/api/v1alpha1/zz_generated.deepcopy.go:597.2,599.12 3 0
github.com/wso2/apk/common-controller/internal/operator/api/v1alpha1/zz_generated.deepcopy.go:594.15,596.3 1 0
github.com/wso2/apk/common-controller/internal/operator/api/v1alpha1/zz_generated.deepcopy.go:603.81,605.2 1 0
github.com/wso2/apk/common-controller/internal/operator/api/v1alpha1/zz_generated.deepcopy.go:608.74,609.15 1 0
github.com/wso2/apk/common-controller/internal/operator/api/v1alpha1/zz_generated.deepcopy.go:612.2,614.12 3 0
github.com/wso2/apk/common-controller/internal/operator/api/v1alpha1/zz_generated.deepcopy.go:609.15,611.3 1 0
github.com/wso2/apk/common-controller/internal/operator/api/v1alpha1/zz_generated.deepcopy.go:618.65,620.30 2 0
github.com/wso2/apk/common-controller/internal/operator/api/v1alpha1/zz_generated.deepcopy.go:624.2,624.22 1 0
github.com/wso2/apk/common-controller/internal/operator/api/v1alpha1/zz_generated.deepcopy.go:620.30,623.3 2 0
github.com/wso2/apk/common-controller/internal/operator/api/v1alpha1/zz_generated.deepcopy.go:624.22,628.3 3 0
github.com/wso2/apk/common-controller/internal/operator/api/v1alpha1/zz_generated.deepcopy.go:632.58,633.15 1 0
github.com/wso2/apk/common-controller/internal/operator/api/v1alpha1/zz_generated.deepcopy.go:636.2,638.12 3 0
github.com/wso2/apk/common-controller/internal/operator/api/v1alpha1/zz_generated.deepcopy.go:633.15,635.3 1 0
github.com/wso2/apk/common-controller/internal/operator/api/v1alpha1/zz_generated.deepcopy.go:642.51,644.29 2 0
github.com/wso2/apk/common-controller/internal/operator/api/v1alpha1/zz_generated.deepcopy.go:644.29,648.3 3 0
github.com/wso2/apk/common-controller/internal/operator/api/v1alpha1/zz_generated.deepcopy.go:652.44,653.15 1 0
github.com/wso2/apk/common-controller/internal/operator/api/v1alpha1/zz_generated.deepcopy.go:656.2,658.12 3 0
github.com/wso2/apk/common-controller/internal/operator/api/v1alpha1/zz_generated.deepcopy.go:653.15,655.3 1 0
github.com/wso2/apk/common-controller/internal/operator/api/v1alpha1/zz_generated.deepcopy.go:662.55,664.2 1 0
github.com/wso2/apk/common-controller/internal/operator/api/v1alpha1/zz_generated.deepcopy.go:667.48,668.15 1 0
github.com/wso2/apk/common-controller/internal/operator/api/v1alpha1/zz_generated.deepcopy.go:671.2,673.12 3 0
github.com/wso2/apk/common-controller/internal/operator/api/v1alpha1/zz_generated.deepcopy.go:668.15,670.3 1 0
github.com/wso2/apk/common-controller/internal/operator/api/v1alpha1/zz_generated.deepcopy.go:677.73,679.2 1 0
github.com/wso2/apk/common-controller/internal/operator/api/v1alpha1/zz_generated.deepcopy.go:682.66,683.15 1 0
github.com/wso2/apk/common-controller/internal/operator/api/v1alpha1/zz_generated.deepcopy.go:686.2,688.12 3 0
github.com/wso2/apk/common-controller/internal/operator/api/v1alpha1/zz_generated.deepcopy.go:683.15,685.3 1 0
github.com/wso2/apk/common-controller/internal/operator/api/v1alpha1/zz_generated.deepcopy.go:692.69,698.2 5 0
github.com/wso2/apk/common-controller/internal/operator/api/v1alpha1/zz_generated.deepcopy.go:701.62,702.15 1 0
github.com/wso2/apk/common-controller/internal/operator/api/v1alpha1/zz_generated.deepcopy.go:705.2,707.12 3 0
github.com/wso2/apk/common-controller/internal/operator/api/v1alpha1/zz_generated.deepcopy.go:702.15,704.3 1 0
github.com/wso2/apk/common-controller/internal/operator/api/v1alpha1/zz_generated.deepcopy.go:711.63,712.34 1 0
github.com/wso2/apk/common-controller/internal/operator/api/v1alpha1/zz_generated.deepcopy.go:715.2,715.12 1 0
github.com/wso2/apk/common-controller/internal/operator/api/v1alpha1/zz_generated.deepcopy.go:712.34,714.3 1 0
github.com/wso2/apk/common-controller/internal/operator/api/v1alpha1/zz_generated.deepcopy.go:719.77,723.21 4 0
github.com/wso2/apk/common-controller/internal/operator/api/v1alpha1/zz_generated.deepcopy.go:723.21,726.22 3 0
github.com/wso2/apk/common-controller/internal/operator/api/v1alpha1/zz_generated.deepcopy.go:726.22,728.4 1 0
github.com/wso2/apk/common-controller/internal/operator/api/v1alpha1/zz_generated.deepcopy.go:733.70,734.15 1 0
github.com/wso2/apk/common-controller/internal/operator/api/v1alpha1/zz_generated.deepcopy.go:737.2,739.12 3 0
github.com/wso2/apk/common-controller/internal/operator/api/v1alpha1/zz_generated.deepcopy.go:734.15,736.3 1 0
github.com/wso2/apk/common-controller/internal/operator/api/v1alpha1/zz_generated.deepcopy.go:743.67,744.34 1 0
github.com/wso2/apk/common-controller/internal/operator/api/v1alpha1/zz_generated.deepcopy.go:747.2,747.12 1 0
github.com/wso2/apk/common-controller/internal/operator/api/v1alpha1/zz_generated.deepcopy.go:744.34,746.3 1 0
github.com/wso2/apk/common-controller/internal/operator/api/v1alpha1/zz_generated.deepcopy.go:751.77,754.24 3 0
github.com/wso2/apk/common-controller/internal/operator/api/v1alpha1/zz_generated.deepcopy.go:754.24,758.3 3 0
github.com/wso2/apk/common-controller/internal/operator/api/v1alpha1/zz_generated.deepcopy.go:762.70,763.15 1 0
github.com/wso2/apk/common-controller/internal/operator/api/v1alpha1/zz_generated.deepcopy.go:766.2,768.12 3 0
github.com/wso2/apk/common-controller/internal/operator/api/v1alpha1/zz_generated.deepcopy.go:763.15,765.3 1 0
github.com/wso2/apk/common-controller/internal/operator/api/v1alpha1/zz_generated.deepcopy.go:772.81,774.2 1 0
github.com/wso2/apk/common-controller/internal/operator/api/v1alpha1/zz_generated.deepcopy.go:777.74,778.15 1 0
github.com/wso2/apk/common-controller/internal/operator/api/v1alpha1/zz_generated.deepcopy.go:781.2,783.12 3 0
github.com/wso2/apk/common-controller/internal/operator/api/v1alpha1/zz_generated.deepcopy.go:778.15,780.3 1 0
github.com/wso2/apk/common-controller/internal/operator/api/v1alpha1/zz_generated.deepcopy.go:787.53,789.35 2 0
github.com/wso2/apk/common-controller/internal/operator/api/v1alpha1/zz_generated.deepcopy.go:794.2,794.36 1 0
github.com/wso2/apk/common-controller/internal/operator/api/v1alpha1/zz_generated.deepcopy.go:799.2,799.32 1 0
github.com/wso2/apk/common-controller/internal/operator/api/v1alpha1/zz_generated.deepcopy.go:804.2,804.26 1 0
github.com/wso2/apk/common-controller/internal/operator/api/v1alpha1/zz_generated.deepcopy.go:789.35,793.3 3 0
github.com/wso2/apk/common-controller/internal/operator/api/v1alpha1/zz_generated.deepcopy.go:794.36,798.3 3 0
github.com/wso2/apk/common-controller/internal/operator/api/v1alpha1/zz_generated.deepcopy.go:799.32,803.3 3 0
github.com/wso2/apk/common-controller/internal/operator/api/v1alpha1/zz_generated.deepcopy.go:804.26,808.3 3 0
github.com/wso2/apk/common-controller/internal/operator/api/v1alpha1/zz_generated.deepcopy.go:812.46,813.15 1 0
github.com/wso2/apk/common-controller/internal/operator/api/v1alpha1/zz_generated.deepcopy.go:816.2,818.12 3 0
github.com/wso2/apk/common-controller/internal/operator/api/v1alpha1/zz_generated.deepcopy.go:813.15,815.3 1 0
github.com/wso2/apk/common-controller/internal/operator/api/v1alpha1/zz_generated.deepcopy.go:822.49,824.2 1 0
github.com/wso2/apk/common-controller/internal/operator/api/v1alpha1/zz_generated.deepcopy.go:827.42,828.15 1 0
github.com/wso2/apk/common-controller/internal/operator/api/v1alpha1/zz_generated.deepcopy.go:831.2,833.12 3 0
github.com/wso2/apk/common-controller/internal/operator/api/v1alpha1/zz_generated.deepcopy.go:828.15,830.3 1 0
github.com/wso2/apk/common-controller/internal/operator/api/v1alpha1/zz_generated.deepcopy.go:837.69,839.19 2 0
github.com/wso2/apk/common-controller/internal/operator/api/v1alpha1/zz_generated.deepcopy.go:844.2,844.22 1 0
github.com/wso2/apk/common-controller/internal/operator/api/v1alpha1/zz_generated.deepcopy.go:839.19,843.3 3 0
github.com/wso2/apk/common-controller/internal/operator/api/v1alpha1/zz_generated.deepcopy.go:844.22,848.3 3 0
github.com/wso2/apk/common-controller/internal/operator/api/v1alpha1/zz_generated.deepcopy.go:852.62,853.15 1 0
github.com/wso2/apk/common-controller/internal/operator/api/v1alpha1/zz_generated.deepcopy.go:856.2,858.12 3 0
github.com/wso2/apk/common-controller/internal/operator/api/v1alpha1/zz_generated.deepcopy.go:853.15,855.3 1 0
github.com/wso2/apk/common-controller/internal/operator/api/v1alpha1/zz_generated.deepcopy.go:862.63,868.2 5 0
github.com/wso2/apk/common-controller/internal/operator/api/v1alpha1/zz_generated.deepcopy.go:871.56,872.15 1 0
github.com/wso2/apk/common-controller/internal/operator/api/v1alpha1/zz_generated.deepcopy.go:875.2,877.12 3 0
github.com/wso2/apk/common-controller/internal/operator/api/v1alpha1/zz_generated.deepcopy.go:872.15,874.3 1 0
github.com/wso2/apk/common-controller/internal/operator/api/v1alpha1/zz_generated.deepcopy.go:881.60,882.34 1 0
github.com/wso2/apk/common-controller/internal/operator/api/v1alpha1/zz_generated.deepcopy.go:885.2,885.12 1 0
github.com/wso2/apk/common-controller/internal/operator/api/v1alpha1/zz_generated.deepcopy.go:882.34,884.3 1 0
github.com/wso2/apk/common-controller/internal/operator/api/v1alpha1/zz_generated.deepcopy.go:889.71,893.21 4 0
github.com/wso2/apk/common-controller/internal/operator/api/v1alpha1/zz_generated.deepcopy.go:893.21,896.22 3 0
github.com/wso2/apk/common-controller/internal/operator/api/v1alpha1/zz_generated.deepcopy.go:896.22,898.4 1 0
github.com/wso2/apk/common-controller/internal/operator/api/v1alpha1/zz_generated.deepcopy.go:903.64,904.15 1 0
github.com/wso2/apk/common-controller/internal/operator/api/v1alpha1/zz_generated.deepcopy.go:907.2,909.12 3 0
github.com/wso2/apk/common-controller/internal/operator/api/v1alpha1/zz_generated.deepcopy.go:904.15,906.3 1 0
github.com/wso2/apk/common-controller/internal/operator/api/v1alpha1/zz_generated.deepcopy.go:913.64,914.34 1 0
github.com/wso2/apk/common-controller/internal/operator/api/v1alpha1/zz_generated.deepcopy.go:917.2,917.12 1 0
github.com/wso2/apk/common-controller/internal/operator/api/v1alpha1/zz_generated.deepcopy.go:914.34,916.3 1 0
github.com/wso2/apk/common-controller/internal/operator/api/v1alpha1/zz_generated.deepcopy.go:921.71,923.23 2 0
github.com/wso2/apk/common-controller/internal/operator/api/v1alpha1/zz_generated.deepcopy.go:928.2,928.24 1 0
github.com/wso2/apk/common-controller/internal/operator/api/v1alpha1/zz_generated.deepcopy.go:933.2,933.43 1 0
github.com/wso2/apk/common-controller/internal/operator/api/v1alpha1/zz_generated.deepcopy.go:923.23,927.3 3 0
github.com/wso2/apk/common-controller/internal/operator/api/v1alpha1/zz_generated.deepcopy.go:928.24,932.3 3 0
github.com/wso2/apk/common-controller/internal/operator/api/v1alpha1/zz_generated.deepcopy.go:937.64,938.15 1 0
github.com/wso2/apk/common-controller/internal/operator/api/v1alpha1/zz_generated.deepcopy.go:941.2,943.12 3 0
github.com/wso2/apk/common-controller/internal/operator/api/v1alpha1/zz_generated.deepcopy.go:938.15,940.3 1 0
github.com/wso2/apk/common-controller/internal/operator/api/v1alpha1/zz_generated.deepcopy.go:947.75,949.2 1 0
github.com/wso2/apk/common-controller/internal/operator/api/v1alpha1/zz_generated.deepcopy.go:952.68,953.15 1 0
github.com/wso2/apk/common-controller/internal/operator/api/v1alpha1/zz_generated.deepcopy.go:956.2,958.12 3 0
github.com/wso2/apk/common-controller/internal/operator/api/v1alpha1/zz_generated.deepcopy.go:953.15,955.3 1 0
github.com/wso2/apk/common-controller/internal/operator/api/v1alpha1/zz_generated.deepcopy.go:962.51,964.2 1 0
github.com/wso2/apk/common-controller/internal/operator/api/v1alpha1/zz_generated.deepcopy.go:967.44,968.15 1 0
github.com/wso2/apk/common-controller/internal/operator/api/v1alpha1/zz_generated.deepcopy.go:971.2,973.12 3 0
github.com/wso2/apk/common-controller/internal/operator/api/v1alpha1/zz_generated.deepcopy.go:968.15,970.3 1 0
github.com/wso2/apk/common-controller/internal/operator/api/v1alpha1/zz_generated.deepcopy.go:977.65,979.2 1 0
github.com/wso2/apk/common-controller/internal/operator/api/v1alpha1/zz_generated.deepcopy.go:982.58,983.15 1 0
github.com/wso2/apk/common-controller/internal/operator/api/v1alpha1/zz_generated.deepcopy.go:986.2,988.12 3 0
github.com/wso2/apk/common-controller/internal/operator/api/v1alpha1/zz_generated.deepcopy.go:983.15,985.3 1 0
github.com/wso2/apk/common-controller/internal/operator/api/v1alpha1/zz_generated.deepcopy.go:992.83,995.25 3 0
github.com/wso2/apk/common-controller/internal/operator/api/v1alpha1/zz_generated.deepcopy.go:995.25,999.3 3 0
github.com/wso2/apk/common-controller/internal/operator/api/v1alpha1/zz_generated.deepcopy.go:1003.76,1004.15 1 0
github.com/wso2/apk/common-controller/internal/operator/api/v1alpha1/zz_generated.deepcopy.go:1007.2,1009.12 3 0
github.com/wso2/apk/common-controller/internal/operator/api/v1alpha1/zz_generated.deepcopy.go:1004.15,1006.3 1 0
github.com/wso2/apk/common-controller/internal/operator/api/v1alpha1/zz_generated.deepcopy.go:1013.63,1016.2 2 0
github.com/wso2/apk/common-controller/internal/operator/api/v1alpha1/zz_generated.deepcopy.go:1019.56,1020.15 1 0
github.com/wso2/apk/common-controller/internal/operator/api/v1alpha1/zz_generated.deepcopy.go:1023.2,1025.12 3 0
github.com/wso2/apk/common-controller/internal/operator/api/v1alpha1/zz_generated.deepcopy.go:1020.15,1022.3 1 0
github.com/wso2/apk/common-controller/internal/operator/api/v1alpha1/zz_generated.deepcopy.go:1029.55,1031.27 2 0
github.com/wso2/apk/common-controller/internal/operator/api/v1alpha1/zz_generated.deepcopy.go:1031.27,1035.3 3 0
github.com/wso2/apk/common-controller/internal/operator/api/v1alpha1/zz_generated.deepcopy.go:1039.48,1040.15 1 0
github.com/wso2/apk/common-controller/internal/operator/api/v1alpha1/zz_generated.deepcopy.go:1043.2,1045.12 3 0
github.com/wso2/apk/common-controller/internal/operator/api/v1alpha1/zz_generated.deepcopy.go:1040.15,1042.3 1 0
github.com/wso2/apk/common-controller/internal/operator/api/v1alpha1/zz_generated.deepcopy.go:1049.51,1051.2 1 0
github.com/wso2/apk/common-controller/internal/operator/api/v1alpha1/zz_generated.deepcopy.go:1054.44,1055.15 1 0
github.com/wso2/apk/common-controller/internal/operator/api/v1alpha1/zz_generated.deepcopy.go:1058.2,1060.12 3 0
github.com/wso2/apk/common-controller/internal/operator/api/v1alpha1/zz_generated.deepcopy.go:1055.15,1057.3 1 0
github.com/wso2/apk/common-controller/internal/operator/api/v1alpha1/zz_generated.deepcopy.go:1064.61,1066.21 2 0
github.com/wso2/apk/common-controller/internal/operator/api/v1alpha1/zz_generated.deepcopy.go:1066.21,1070.3 3 0
github.com/wso2/apk/common-controller/internal/operator/api/v1alpha1/zz_generated.deepcopy.go:1074.54,1075.15 1 0
github.com/wso2/apk/common-controller/internal/operator/api/v1alpha1/zz_generated.deepcopy.go:1078.2,1080.12 3 0
github.com/wso2/apk/common-controller/internal/operator/api/v1alpha1/zz_generated.deepcopy.go:1075.15,1077.3 1 0
github.com/wso2/apk/common-controller/internal/operator/api/v1alpha1/zz_generated.deepcopy.go:1084.47,1086.2 1 0
github.com/wso2/apk/common-controller/internal/operator/api/v1alpha1/zz_generated.deepcopy.go:1089.40,1090.15 1 0
github.com/wso2/apk/common-controller/internal/operator/api/v1alpha1/zz_generated.deepcopy.go:1093.2,1095.12 3 0
github.com/wso2/apk/common-controller/internal/operator/api/v1alpha1/zz_generated.deepcopy.go:1090.15,1092.3 1 0
github.com/wso2/apk/common-controller/internal/operator/api/v1alpha1/zz_generated.deepcopy.go:1099.51,1101.33 2 0
github.com/wso2/apk/common-controller/internal/operator/api/v1alpha1/zz_generated.deepcopy.go:1106.2,1106.25 1 0
github.com/wso2/apk/common-controller/internal/operator/api/v1alpha1/zz_generated.deepcopy.go:1111.2,1111.28 1 0
github.com/wso2/apk/common-controller/internal/operator/api/v1alpha1/zz_generated.deepcopy.go:1116.2,1116.27 1 0
github.com/wso2/apk/common-controller/internal/operator/api/v1alpha1/zz_generated.deepcopy.go:1101.33,1105.3 3 0
github.com/wso2/apk/common-controller/internal/operator/api/v1alpha1/zz_generated.deepcopy.go:1106.25,1110.3 3 0
github.com/wso2/apk/common-controller/internal/operator/api/v1alpha1/zz_generated.deepcopy.go:1111.28,1115.3 3 0
github.com/wso2/apk/common-controller/internal/operator/api/v1alpha1/zz_generated.deepcopy.go:1116.27,1120.3 3 0
github.com/wso2/apk/common-controller/internal/operator/api/v1alpha1/zz_generated.deepcopy.go:1124.44,1125.15 1 0
github.com/wso2/apk/common-controller/internal/operator/api/v1alpha1/zz_generated.deepcopy.go:1128.2,1130.12 3 0
github.com/wso2/apk/common-controller/internal/operator/api/v1alpha1/zz_generated.deepcopy.go:1125.15,1127.3 1 0
github.com/wso2/apk/common-controller/internal/operator/api/v1alpha1/zz_generated.deepcopy.go:1134.47,1136.2 1 0
github.com/wso2/apk/common-controller/internal/operator/api/v1alpha1/zz_generated.deepcopy.go:1139.40,1140.15 1 0
github.com/wso2/apk/common-controller/internal/operator/api/v1alpha1/zz_generated.deepcopy.go:1143.2,1145.12 3 0
github.com/wso2/apk/common-controller/internal/operator/api/v1alpha1/zz_generated.deepcopy.go:1140.15,1142.3 1 0
github.com/wso2/apk/common-controller/internal/operator/api/v1alpha1/api_types.go:201.13,203.2 1 1
github.com/wso2/apk/common-controller/internal/operator/api/v1alpha1/apipolicy_webhook.go:33.69,37.2 1 0
github.com/wso2/apk/common-controller/internal/operator/api/v1alpha1/apipolicy_webhook.go:46.32,46.33 0 0
github.com/wso2/apk/common-controller/internal/operator/api/v1alpha1/apipolicy_webhook.go:54.66,56.2 1 0
github.com/wso2/apk/common-controller/internal/operator/api/v1alpha1/apipolicy_webhook.go:59.84,61.2 1 0
github.com/wso2/apk/common-controller/internal/operator/api/v1alpha1/apipolicy_webhook.go:64.44,67.33 2 0
github.com/wso2/apk/common-controller/internal/operator/api/v1alpha1/apipolicy_webhook.go:70.2,71.51 1 0
github.com/wso2/apk/common-controller/internal/operator/api/v1alpha1/apipolicy_webhook.go:75.2,75.107 1 0
github.com/wso2/apk/common-controller/internal/operator/api/v1alpha1/apipolicy_webhook.go:79.2,79.22 1 0
github.com/wso2/apk/common-controller/internal/operator/api/v1alpha1/apipolicy_webhook.go:84.2,84.12 1 0
github.com/wso2/apk/common-controller/internal/operator/api/v1alpha1/apipolicy_webhook.go:67.33,69.3 1 0
github.com/wso2/apk/common-controller/internal/operator/api/v1alpha1/apipolicy_webhook.go:71.51,74.3 1 0
github.com/wso2/apk/common-controller/internal/operator/api/v1alpha1/apipolicy_webhook.go:75.107,78.3 1 0
github.com/wso2/apk/common-controller/internal/operator/api/v1alpha1/apipolicy_webhook.go:79.22,83.3 1 0
github.com/wso2/apk/common-controller/internal/operator/api/v1alpha1/apipolicy_webhook.go:88.66,91.2 1 0
github.com/wso2/apk/common-controller/internal/operator/controllers/organization_controller.go:62.104,72.52 7 0
github.com/wso2/apk/common-controller/internal/operator/controllers/organization_controller.go:77.2,79.27 3 0
github.com/wso2/apk/common-controller/internal/operator/controllers/organization_controller.go:72.52,75.3 1 0
github.com/wso2/apk/common-controller/internal/operator/controllers/organization_controller.go:82.99,84.47 2 0
github.com/wso2/apk/common-controller/internal/operator/controllers/organization_controller.go:91.2,93.3 1 0
github.com/wso2/apk/common-controller/internal/operator/controllers/organization_controller.go:84.47,90.3 2 0
github.com/wso2/apk/common-controller/internal/operator/controllers/organization_controller.go:97.59,104.16 3 0
github.com/wso2/apk/common-controller/internal/operator/controllers/organization_controller.go:110.2,113.140 3 0
github.com/wso2/apk/common-controller/internal/operator/controllers/organization_controller.go:119.2,120.12 2 0
github.com/wso2/apk/common-controller/internal/operator/controllers/organization_controller.go:104.16,108.3 2 0
github.com/wso2/apk/common-controller/internal/operator/controllers/organization_controller.go:113.140,117.3 2 0
github.com/wso2/apk/common-controller/internal/operator/controllers/ratelimitpolicy_controller.go:68.98,75.45 3 0
github.com/wso2/apk/common-controller/internal/operator/controllers/ratelimitpolicy_controller.go:80.2,81.16 2 0
github.com/wso2/apk/common-controller/internal/operator/controllers/ratelimitpolicy_controller.go:87.2,91.106 3 0
github.com/wso2/apk/common-controller/internal/operator/controllers/ratelimitpolicy_controller.go:97.2,98.112 1 0
github.com/wso2/apk/common-controller/internal/operator/controllers/ratelimitpolicy_controller.go:104.2,104.143 1 0
github.com/wso2/apk/common-controller/internal/operator/controllers/ratelimitpolicy_controller.go:110.2,111.12 2 0
github.com/wso2/apk/common-controller/internal/operator/controllers/ratelimitpolicy_controller.go:75.45,78.3 2 0
github.com/wso2/apk/common-controller/internal/operator/controllers/ratelimitpolicy_controller.go:81.16,85.3 2 0
github.com/wso2/apk/common-controller/internal/operator/controllers/ratelimitpolicy_controller.go:91.106,95.3 2 0
github.com/wso2/apk/common-controller/internal/operator/controllers/ratelimitpolicy_controller.go:98.112,102.3 2 0
github.com/wso2/apk/common-controller/internal/operator/controllers/ratelimitpolicy_controller.go:104.143,108.3 2 0
github.com/wso2/apk/common-controller/internal/operator/controllers/ratelimitpolicy_controller.go:127.125,136.92 6 0
github.com/wso2/apk/common-controller/internal/operator/controllers/ratelimitpolicy_controller.go:157.2,157.89 1 0
github.com/wso2/apk/common-controller/internal/operator/controllers/ratelimitpolicy_controller.go:172.2,172.27 1 0
github.com/wso2/apk/common-controller/internal/operator/controllers/ratelimitpolicy_controller.go:136.92,139.39 2 0
github.com/wso2/apk/common-controller/internal/operator/controllers/ratelimitpolicy_controller.go:147.3,148.45 2 0
github.com/wso2/apk/common-controller/internal/operator/controllers/ratelimitpolicy_controller.go:154.3,154.28 1 0
github.com/wso2/apk/common-controller/internal/operator/controllers/ratelimitpolicy_controller.go:139.39,142.50 3 0
github.com/wso2/apk/common-controller/internal/operator/controllers/ratelimitpolicy_controller.go:145.4,145.69 1 0
github.com/wso2/apk/common-controller/internal/operator/controllers/ratelimitpolicy_controller.go:142.50,144.5 1 0
github.com/wso2/apk/common-controller/internal/operator/controllers/ratelimitpolicy_controller.go:148.45,153.4 4 0
github.com/wso2/apk/common-controller/internal/operator/controllers/ratelimitpolicy_controller.go:157.89,161.3 3 0
github.com/wso2/apk/common-controller/internal/operator/controllers/ratelimitpolicy_controller.go:161.8,163.116 1 0
github.com/wso2/apk/common-controller/internal/operator/controllers/ratelimitpolicy_controller.go:163.116,165.4 1 0
github.com/wso2/apk/common-controller/internal/operator/controllers/ratelimitpolicy_controller.go:165.9,165.37 1 0
github.com/wso2/apk/common-controller/internal/operator/controllers/ratelimitpolicy_controller.go:165.37,169.4 3 0
github.com/wso2/apk/common-controller/internal/operator/controllers/ratelimitpolicy_controller.go:175.136,177.9 2 0
github.com/wso2/apk/common-controller/internal/operator/controllers/ratelimitpolicy_controller.go:183.2,188.17 3 0
github.com/wso2/apk/common-controller/internal/operator/controllers/ratelimitpolicy_controller.go:192.2,192.46 1 0
github.com/wso2/apk/common-controller/internal/operator/controllers/ratelimitpolicy_controller.go:197.2,197.17 1 0
github.com/wso2/apk/common-controller/internal/operator/controllers/ratelimitpolicy_controller.go:177.9,181.3 2 0
github.com/wso2/apk/common-controller/internal/operator/controllers/ratelimitpolicy_controller.go:188.17,190.3 1 0
github.com/wso2/apk/common-controller/internal/operator/controllers/ratelimitpolicy_controller.go:192.46,195.3 2 0
github.com/wso2/apk/common-controller/internal/operator/controllers/ratelimitpolicy_controller.go:201.116,203.9 2 0
github.com/wso2/apk/common-controller/internal/operator/controllers/ratelimitpolicy_controller.go:209.2,214.4 1 0
github.com/wso2/apk/common-controller/internal/operator/controllers/ratelimitpolicy_controller.go:203.9,207.3 2 0
github.com/wso2/apk/common-controller/internal/operator/controllers/ratelimitpolicy_controller.go:217.142,219.9 2 0
github.com/wso2/apk/common-controller/internal/operator/controllers/ratelimitpolicy_controller.go:225.2,230.17 3 0
github.com/wso2/apk/common-controller/internal/operator/controllers/ratelimitpolicy_controller.go:233.2,233.46 1 0
github.com/wso2/apk/common-controller/internal/operator/controllers/ratelimitpolicy_controller.go:238.2,238.17 1 0
github.com/wso2/apk/common-controller/internal/operator/controllers/ratelimitpolicy_controller.go:219.9,223.3 2 0
github.com/wso2/apk/common-controller/internal/operator/controllers/ratelimitpolicy_controller.go:230.17,232.3 1 0
github.com/wso2/apk/common-controller/internal/operator/controllers/ratelimitpolicy_controller.go:233.46,236.3 2 0
github.com/wso2/apk/common-controller/internal/operator/controllers/ratelimitpolicy_controller.go:242.93,247.62 4 0
github.com/wso2/apk/common-controller/internal/operator/controllers/ratelimitpolicy_controller.go:272.2,272.67 1 0
github.com/wso2/apk/common-controller/internal/operator/controllers/ratelimitpolicy_controller.go:364.2,364.31 1 0
github.com/wso2/apk/common-controller/internal/operator/controllers/ratelimitpolicy_controller.go:247.62,251.22 1 0
github.com/wso2/apk/common-controller/internal/operator/controllers/ratelimitpolicy_controller.go:254.3,257.43 3 0
github.com/wso2/apk/common-controller/internal/operator/controllers/ratelimitpolicy_controller.go:265.3,268.53 4 0
github.com/wso2/apk/common-controller/internal/operator/controllers/ratelimitpolicy_controller.go:251.22,253.4 1 0
github.com/wso2/apk/common-controller/internal/operator/controllers/ratelimitpolicy_controller.go:257.43,260.4 2 0
github.com/wso2/apk/common-controller/internal/operator/controllers/ratelimitpolicy_controller.go:260.9,263.4 2 0
github.com/wso2/apk/common-controller/internal/operator/controllers/ratelimitpolicy_controller.go:272.67,276.22 1 0
github.com/wso2/apk/common-controller/internal/operator/controllers/ratelimitpolicy_controller.go:279.3,282.35 4 0
github.com/wso2/apk/common-controller/internal/operator/controllers/ratelimitpolicy_controller.go:320.3,320.32 1 0
github.com/wso2/apk/common-controller/internal/operator/controllers/ratelimitpolicy_controller.go:358.3,362.51 5 0
github.com/wso2/apk/common-controller/internal/operator/controllers/ratelimitpolicy_controller.go:276.22,278.4 1 0
github.com/wso2/apk/common-controller/internal/operator/controllers/ratelimitpolicy_controller.go:282.35,283.61 1 0
github.com/wso2/apk/common-controller/internal/operator/controllers/ratelimitpolicy_controller.go:283.61,284.18 1 0
github.com/wso2/apk/common-controller/internal/operator/controllers/ratelimitpolicy_controller.go:284.18,288.31 1 0
github.com/wso2/apk/common-controller/internal/operator/controllers/ratelimitpolicy_controller.go:292.6,292.48 1 0
github.com/wso2/apk/common-controller/internal/operator/controllers/ratelimitpolicy_controller.go:288.31,291.7 1 0
github.com/wso2/apk/common-controller/internal/operator/controllers/ratelimitpolicy_controller.go:292.48,293.43 1 0
github.com/wso2/apk/common-controller/internal/operator/controllers/ratelimitpolicy_controller.go:293.43,294.38 1 0
github.com/wso2/apk/common-controller/internal/operator/controllers/ratelimitpolicy_controller.go:294.38,295.130 1 0
github.com/wso2/apk/common-controller/internal/operator/controllers/ratelimitpolicy_controller.go:295.130,298.43 3 0
github.com/wso2/apk/common-controller/internal/operator/controllers/ratelimitpolicy_controller.go:303.10,304.50 2 0
github.com/wso2/apk/common-controller/internal/operator/controllers/ratelimitpolicy_controller.go:311.10,311.76 1 0
github.com/wso2/apk/common-controller/internal/operator/controllers/ratelimitpolicy_controller.go:298.43,300.11 1 0
github.com/wso2/apk/common-controller/internal/operator/controllers/ratelimitpolicy_controller.go:300.16,302.11 1 0
github.com/wso2/apk/common-controller/internal/operator/controllers/ratelimitpolicy_controller.go:304.50,307.11 2 0
github.com/wso2/apk/common-controller/internal/operator/controllers/ratelimitpolicy_controller.go:307.16,310.11 2 0
github.com/wso2/apk/common-controller/internal/operator/controllers/ratelimitpolicy_controller.go:320.32,321.58 1 0
github.com/wso2/apk/common-controller/internal/operator/controllers/ratelimitpolicy_controller.go:321.58,322.18 1 0
github.com/wso2/apk/common-controller/internal/operator/controllers/ratelimitpolicy_controller.go:322.18,326.31 1 0
github.com/wso2/apk/common-controller/internal/operator/controllers/ratelimitpolicy_controller.go:330.6,330.48 1 0
github.com/wso2/apk/common-controller/internal/operator/controllers/ratelimitpolicy_controller.go:326.31,329.7 1 0
github.com/wso2/apk/common-controller/internal/operator/controllers/ratelimitpolicy_controller.go:330.48,331.43 1 0
github.com/wso2/apk/common-controller/internal/operator/controllers/ratelimitpolicy_controller.go:331.43,332.38 1 0
github.com/wso2/apk/common-controller/internal/operator/controllers/ratelimitpolicy_controller.go:332.38,333.130 1 0
github.com/wso2/apk/common-controller/internal/operator/controllers/ratelimitpolicy_controller.go:333.130,336.43 3 0
github.com/wso2/apk/common-controller/internal/operator/controllers/ratelimitpolicy_controller.go:341.10,342.50 2 0
github.com/wso2/apk/common-controller/internal/operator/controllers/ratelimitpolicy_controller.go:349.10,349.76 1 0
github.com/wso2/apk/common-controller/internal/operator/controllers/ratelimitpolicy_controller.go:336.43,338.11 1 0
github.com/wso2/apk/common-controller/internal/operator/controllers/ratelimitpolicy_controller.go:338.16,340.11 1 0
github.com/wso2/apk/common-controller/internal/operator/controllers/ratelimitpolicy_controller.go:342.50,345.11 2 0
github.com/wso2/apk/common-controller/internal/operator/controllers/ratelimitpolicy_controller.go:345.16,348.11 2 0
github.com/wso2/apk/common-controller/internal/operator/controllers/ratelimitpolicy_controller.go:368.82,371.66 2 0
github.com/wso2/apk/common-controller/internal/operator/controllers/ratelimitpolicy_controller.go:375.2,375.30 1 0
github.com/wso2/apk/common-controller/internal/operator/controllers/ratelimitpolicy_controller.go:371.66,374.3 2 0
github.com/wso2/apk/common-controller/internal/operator/controllers/ratelimitpolicy_controller.go:379.118,383.2 3 0
github.com/wso2/apk/common-controller/internal/operator/controllers/ratelimitpolicy_controller.go:385.65,387.41 1 0
github.com/wso2/apk/common-controller/internal/operator/controllers/ratelimitpolicy_controller.go:409.2,410.41 1 0
github.com/wso2/apk/common-controller/internal/operator/controllers/ratelimitpolicy_controller.go:420.2,420.12 1 0
github.com/wso2/apk/common-controller/internal/operator/controllers/ratelimitpolicy_controller.go:387.41,390.46 3 0
github.com/wso2/apk/common-controller/internal/operator/controllers/ratelimitpolicy_controller.go:403.4,403.26 1 0
github.com/wso2/apk/common-controller/internal/operator/controllers/ratelimitpolicy_controller.go:390.46,391.41 1 0
github.com/wso2/apk/common-controller/internal/operator/controllers/ratelimitpolicy_controller.go:391.41,392.36 1 0
github.com/wso2/apk/common-controller/internal/operator/controllers/ratelimitpolicy_controller.go:392.36,393.68 1 0
github.com/wso2/apk/common-controller/internal/operator/controllers/ratelimitpolicy_controller.go:393.68,399.8 1 0
github.com/wso2/apk/common-controller/internal/operator/controllers/ratelimitpolicy_controller.go:404.18,406.3 1 0
github.com/wso2/apk/common-controller/internal/operator/controllers/ratelimitpolicy_controller.go:410.41,419.4 4 0
github.com/wso2/apk/common-controller/internal/operator/controllers/ratelimitpolicy_controller.go:424.61,429.2 1 0
github.com/wso2/apk/common-controller/internal/operator/controllers/ratelimitpolicy_controller.go:432.83,433.42 1 0
github.com/wso2/apk/common-controller/internal/operator/controllers/ratelimitpolicy_controller.go:436.2,436.25 1 0
github.com/wso2/apk/common-controller/internal/operator/controllers/ratelimitpolicy_controller.go:433.42,435.3 1 0
github.com/wso2/apk/common-controller/internal/operator/controllers/ratelimitpolicy_controller.go:442.78,443.41 1 0
github.com/wso2/apk/common-controller/internal/operator/controllers/ratelimitpolicy_controller.go:443.41,444.24 1 0
github.com/wso2/apk/common-controller/internal/operator/controllers/ratelimitpolicy_controller.go:447.3,447.70 1 0
github.com/wso2/apk/common-controller/internal/operator/controllers/ratelimitpolicy_controller.go:444.24,446.4 1 0
github.com/wso2/apk/common-controller/internal/operator/controllers/ratelimitpolicy_controller.go:452.39,455.2 1 0
github.com/wso2/apk/common-controller/internal/operator/controllers/ratelimitpolicy_controller.go:458.96,462.2 1 0
